<?xml version="1.0" encoding="UTF-8"?>
<testng-results ignored="0" total="1" passed="1" failed="0" skipped="0">
  <reporter-output>
  </reporter-output>
  <suite started-at="2019-09-22T22:50:11Z" name="Surefire suite" finished-at="2019-09-22T22:50:35Z" duration-ms="24373">
    <groups>
    </groups>
    <test started-at="2019-09-22T22:50:11Z" name="Surefire test" finished-at="2019-09-22T22:50:35Z" duration-ms="24373">
      <class name="testcases.FlightTests">
        <test-method is-config="true" signature="setUp()[pri:0, instance:testcases.FlightTests@1d8d30f7]" started-at="2019-09-22T16:50:11Z" name="setUp" finished-at="2019-09-22T16:50:20Z" duration-ms="9122" status="PASS">
          <reporter-output>
          </reporter-output>
        </test-method> <!-- setUp -->
        <test-method signature="test()[pri:0, instance:testcases.FlightTests@1d8d30f7]" started-at="2019-09-22T16:50:20Z" name="test" finished-at="2019-09-22T16:50:34Z" duration-ms="14297" status="PASS">
          <reporter-output>
          </reporter-output>
        </test-method> <!-- test -->
        <test-method is-config="true" signature="tearDown()[pri:0, instance:testcases.FlightTests@1d8d30f7]" started-at="2019-09-22T16:50:34Z" name="tearDown" finished-at="2019-09-22T16:50:35Z" duration-ms="932" status="PASS">
          <reporter-output>
          </reporter-output>
        </test-method> <!-- tearDown -->
      </class> <!-- testcases.FlightTests -->
    </test> <!-- Surefire test -->
  </suite> <!-- Surefire suite -->
</testng-results>
